<?xml version="1.0" encoding="UTF-8"?>
<!-- Generated by org.testng.reporters.JUnitReportReporter -->
<testsuite skipped="0" hostname="BLU-LP-00004" name="bluAndroid.bluAndroid.TestScripts.PublicProfileTestRunner" tests="7" failures="0" timestamp="2020-01-21T21:25:47 SGT" time="404.177" errors="0">
  <testcase name="tc07_unblockMember" time="66.678" classname="bluAndroid.bluAndroid.TestScripts.PublicProfileTestRunner"/>
  <testcase name="tc06_blockMember" time="57.659" classname="bluAndroid.bluAndroid.TestScripts.PublicProfileTestRunner"/>
  <testcase name="tc01_ViewPublicProfile" time="50.325" classname="bluAndroid.bluAndroid.TestScripts.PublicProfileTestRunner"/>
  <testcase name="tc03_viewFriendProfileByMobile" time="59.459" classname="bluAndroid.bluAndroid.TestScripts.PublicProfileTestRunner"/>
  <testcase name="tc04_InvaldBluId" time="54.748" classname="bluAndroid.bluAndroid.TestScripts.PublicProfileTestRunner"/>
  <testcase name="tc05_InvaldMobile" time="55.705" classname="bluAndroid.bluAndroid.TestScripts.PublicProfileTestRunner"/>
  <testcase name="tc02_viewFriendProfileByBluID" time="59.603" classname="bluAndroid.bluAndroid.TestScripts.PublicProfileTestRunner"/>
</testsuite> <!-- bluAndroid.bluAndroid.TestScripts.PublicProfileTestRunner -->
