<?xml version="1.0" encoding="UTF-8"?>
<!-- Generated by org.testng.reporters.JUnitReportReporter -->
<testsuite skipped="0" hostname="BLU-LP-00004" name="bluAndroid.bluAndroid.TestScripts.LogoutTestRunner" tests="6" failures="0" timestamp="2020-02-04T21:55:40 SGT" time="503.578" errors="0">
  <testcase name="tc03_resetPasswordErrorWhenActorhasNotProvidedAnythingAndClicksOnSubmit" time="71.190" classname="bluAndroid.bluAndroid.TestScripts.LogoutTestRunner"/>
  <testcase name="tc04_NonMatchingPassword" time="90.668" classname="bluAndroid.bluAndroid.TestScripts.LogoutTestRunner"/>
  <testcase name="tc05_Invalidpassword" time="83.023" classname="bluAndroid.bluAndroid.TestScripts.LogoutTestRunner"/>
  <testcase name="tc06_deactivateAccount" time="77.324" classname="bluAndroid.bluAndroid.TestScripts.LogoutTestRunner"/>
  <testcase name="tc01_logout" time="70.720" classname="bluAndroid.bluAndroid.TestScripts.LogoutTestRunner"/>
  <testcase name="tc02_resetPassword" time="110.653" classname="bluAndroid.bluAndroid.TestScripts.LogoutTestRunner"/>
</testsuite> <!-- bluAndroid.bluAndroid.TestScripts.LogoutTestRunner -->
