<?xml version="1.0" encoding="UTF-8"?>
<!-- Generated by org.testng.reporters.JUnitReportReporter -->
<testsuite skipped="0" hostname="BLU-LP-00004" name="bluAndroid.bluAndroid.TestScripts.RewardsTestRunner" tests="1" failures="0" timestamp="2020-02-05T09:41:53 SGT" time="100.218" errors="0">
  <testcase name="G_S06_TC01_redeemRewardWithCredits" time="100.218" classname="bluAndroid.bluAndroid.TestScripts.RewardsTestRunner"/>
</testsuite> <!-- bluAndroid.bluAndroid.TestScripts.RewardsTestRunner -->
