<?xml version="1.0" encoding="UTF-8"?>
<!-- Generated by org.testng.reporters.JUnitReportReporter -->
<testsuite skipped="0" hostname="BLU-LP-00004" name="bluAndroid.bluAndroid.TestScripts.CheckOutWithBluTestRunner" tests="1" failures="0" timestamp="2020-01-09T14:33:02 SGT" time="62.886" errors="0">
  <testcase name="tc_checkOutWithBlu" time="62.886" classname="bluAndroid.bluAndroid.TestScripts.CheckOutWithBluTestRunner"/>
</testsuite> <!-- bluAndroid.bluAndroid.TestScripts.CheckOutWithBluTestRunner -->
