<?xml version="1.0" encoding="UTF-8"?>
<!-- Generated by org.testng.reporters.JUnitReportReporter -->
<testsuite skipped="0" hostname="BLU-LP-00004" name="bluAndroid.bluAndroid.TestScripts.LogoutTestRunner" tests="1" failures="0" timestamp="2020-01-23T10:53:51 SGT" time="49.685" errors="0">
  <testcase name="tc06_deactivateAccount" time="49.685" classname="bluAndroid.bluAndroid.TestScripts.LogoutTestRunner"/>
</testsuite> <!-- bluAndroid.bluAndroid.TestScripts.LogoutTestRunner -->
