<?xml version="1.0" encoding="UTF-8"?>
<!-- Generated by org.testng.reporters.JUnitReportReporter -->
<testsuite skipped="0" hostname="BLU-LP-00004" name="bluAndroid.bluAndroid.TestScripts.BluSignUpTestRunner" tests="18" failures="0" timestamp="2020-01-30T23:16:55 SGT" time="1504.473" errors="0">
  <testcase name="A_S02_TC12_signupRegisteredMobile" time="90.199" classname="bluAndroid.bluAndroid.TestScripts.BluSignUpTestRunner"/>
  <testcase name="A_S02_TC01_signupWithAllDetails" time="141.591" classname="bluAndroid.bluAndroid.TestScripts.BluSignUpTestRunner"/>
  <testcase name="A_S02_TC15_signupWithoutPassword" time="72.030" classname="bluAndroid.bluAndroid.TestScripts.BluSignUpTestRunner"/>
  <testcase name="A_S02_TC08_signupInvalidPassword" time="104.859" classname="bluAndroid.bluAndroid.TestScripts.BluSignUpTestRunner"/>
  <testcase name="A_S02_TC06_signupInvalidEmail" time="68.487" classname="bluAndroid.bluAndroid.TestScripts.BluSignUpTestRunner"/>
  <testcase name="A_S02_TC04_signupWithoutDOBGenderAndRefferalCode" time="74.950" classname="bluAndroid.bluAndroid.TestScripts.BluSignUpTestRunner"/>
  <testcase name="A_S02_TC18_signupWithoutMobileNumber" time="65.912" classname="bluAndroid.bluAndroid.TestScripts.BluSignUpTestRunner"/>
  <testcase name="A_S02_TC14_signupWithoutEmail" time="57.339" classname="bluAndroid.bluAndroid.TestScripts.BluSignUpTestRunner"/>
  <testcase name="A_S02_TC11_signupInvalidMobile" time="67.338" classname="bluAndroid.bluAndroid.TestScripts.BluSignUpTestRunner"/>
  <testcase name="A_S02_TC16_signupWithoutConfirmingPass" time="86.438" classname="bluAndroid.bluAndroid.TestScripts.BluSignUpTestRunner"/>
  <testcase name="A_S02_TC02_signupWithoutReferralCode" time="113.367" classname="bluAndroid.bluAndroid.TestScripts.BluSignUpTestRunner"/>
  <testcase name="A_S02_TC03_signupWithoutGenderAndRefferalCode" time="104.128" classname="bluAndroid.bluAndroid.TestScripts.BluSignUpTestRunner"/>
  <testcase name="A_S02_TC07_signupRegisteredEmail" time="68.143" classname="bluAndroid.bluAndroid.TestScripts.BluSignUpTestRunner"/>
  <testcase name="A_S02_TC10_signupInvalidFirstname" time="64.233" classname="bluAndroid.bluAndroid.TestScripts.BluSignUpTestRunner"/>
  <testcase name="A_S02_TC05_signupManDetails" time="73.670" classname="bluAndroid.bluAndroid.TestScripts.BluSignUpTestRunner"/>
  <testcase name="A_S02_TC09_signupNonMatchingPassword" time="106.562" classname="bluAndroid.bluAndroid.TestScripts.BluSignUpTestRunner"/>
  <testcase name="A_S02_TC13_signupInvalidRefferalCode" time="77.113" classname="bluAndroid.bluAndroid.TestScripts.BluSignUpTestRunner"/>
  <testcase name="A_S02_TC17_signupWithoutFirstName" time="68.114" classname="bluAndroid.bluAndroid.TestScripts.BluSignUpTestRunner"/>
</testsuite> <!-- bluAndroid.bluAndroid.TestScripts.BluSignUpTestRunner -->
