<?xml version="1.0" encoding="UTF-8"?>
<!-- Generated by org.testng.reporters.JUnitReportReporter -->
<testsuite skipped="0" hostname="BLU-LP-00004" name="bluAndroid.bluAndroid.TestScripts.PublicProfileTestRunner" tests="7" failures="0" timestamp="2020-01-22T21:55:35 SGT" time="437.074" errors="0">
  <testcase name="tc01_ViewPublicProfile" time="53.835" classname="bluAndroid.bluAndroid.TestScripts.PublicProfileTestRunner"/>
  <testcase name="tc04_InvaldBluId" time="52.651" classname="bluAndroid.bluAndroid.TestScripts.PublicProfileTestRunner"/>
  <testcase name="tc02_viewFriendProfileByBluID" time="65.991" classname="bluAndroid.bluAndroid.TestScripts.PublicProfileTestRunner"/>
  <testcase name="tc07_unblockMember" time="56.707" classname="bluAndroid.bluAndroid.TestScripts.PublicProfileTestRunner"/>
  <testcase name="tc06_blockMember" time="68.330" classname="bluAndroid.bluAndroid.TestScripts.PublicProfileTestRunner"/>
  <testcase name="tc03_viewFriendProfileByMobile" time="65.242" classname="bluAndroid.bluAndroid.TestScripts.PublicProfileTestRunner"/>
  <testcase name="tc05_InvaldMobile" time="74.318" classname="bluAndroid.bluAndroid.TestScripts.PublicProfileTestRunner"/>
</testsuite> <!-- bluAndroid.bluAndroid.TestScripts.PublicProfileTestRunner -->
