<?xml version="1.0" encoding="UTF-8"?>
<!-- Generated by org.testng.reporters.JUnitReportReporter -->
<testsuite skipped="0" hostname="BLU-LP-00004" name="bluAndroid.bluAndroid.TestScripts.CreateBookingRequestTestRunner" tests="2" failures="0" timestamp="2020-01-14T17:58:08 SGT" time="157.942" errors="2">
  <testcase name="clickOnParcels" time="157.586" classname="bluAndroid.bluAndroid.TestScripts.CreateBookingRequestTestRunner">
    <error type="org.openqa.selenium.NoSuchSessionException" message="A session is either terminated or not started
Build info: version: &#039;3.141.59&#039;, revision: &#039;e82be7d358&#039;, time: &#039;2018-11-14T08:17:03&#039;
System info: host: &#039;BLU-LP-00004&#039;, ip: &#039;192.168.56.1&#039;, os.name: &#039;Windows 10&#039;, os.arch: &#039;amd64&#039;, os.version: &#039;10.0&#039;, java.version: &#039;1.8.0_221&#039;
Driver info: io.appium.java_client.android.AndroidDriver
Capabilities {appActivity: sg.com.blu.android.features..., appPackage: sg.com.blu.android.uat, databaseEnabled: false, desired: {appActivity: sg.com.blu.android.features..., appPackage: sg.com.blu.android.uat, deviceName: Galaxy S8+, platformName: android, platformVersion: 8.0.0, resetKeyboard: true, udid: ce031713d5fad93001, unicodeKeyboard: true}, deviceManufacturer: samsung, deviceModel: SM-G955F, deviceName: ce031713d5fad93001, deviceScreenSize: 1440x2960, deviceUDID: ce031713d5fad93001, javascriptEnabled: true, locationContextEnabled: false, networkConnectionEnabled: true, platform: LINUX, platformName: Android, platformVersion: 8.0.0, resetKeyboard: true, takesScreenshot: true, udid: ce031713d5fad93001, unicodeKeyboard: true, warnings: {}, webStorageEnabled: false}
Session ID: 0142a240-a904-4969-89c3-f309d0ec63f2
*** Element info: {Using=xpath, value=//android.widget.ScrollView//android.widget.LinearLayout[@resource-id=&#039;sg.com.blu.android.uat:id/parcelDetailsContainer&#039;]//android.widget.LinearLayout[3]//android.widget.LinearLayout//android.widget.TextView[1]}">
      <![CDATA[org.openqa.selenium.NoSuchSessionException: A session is either terminated or not started
Build info: version: '3.141.59', revision: 'e82be7d358', time: '2018-11-14T08:17:03'
System info: host: 'BLU-LP-00004', ip: '192.168.56.1', os.name: 'Windows 10', os.arch: 'amd64', os.version: '10.0', java.version: '1.8.0_221'
Driver info: io.appium.java_client.android.AndroidDriver
Capabilities {appActivity: sg.com.blu.android.features..., appPackage: sg.com.blu.android.uat, databaseEnabled: false, desired: {appActivity: sg.com.blu.android.features..., appPackage: sg.com.blu.android.uat, deviceName: Galaxy S8+, platformName: android, platformVersion: 8.0.0, resetKeyboard: true, udid: ce031713d5fad93001, unicodeKeyboard: true}, deviceManufacturer: samsung, deviceModel: SM-G955F, deviceName: ce031713d5fad93001, deviceScreenSize: 1440x2960, deviceUDID: ce031713d5fad93001, javascriptEnabled: true, locationContextEnabled: false, networkConnectionEnabled: true, platform: LINUX, platformName: Android, platformVersion: 8.0.0, resetKeyboard: true, takesScreenshot: true, udid: ce031713d5fad93001, unicodeKeyboard: true, warnings: {}, webStorageEnabled: false}
Session ID: 0142a240-a904-4969-89c3-f309d0ec63f2
*** Element info: {Using=xpath, value=//android.widget.ScrollView//android.widget.LinearLayout[@resource-id='sg.com.blu.android.uat:id/parcelDetailsContainer']//android.widget.LinearLayout[3]//android.widget.LinearLayout//android.widget.TextView[1]}
at sun.reflect.NativeConstructorAccessorImpl.newInstance0(Native Method)
at sun.reflect.NativeConstructorAccessorImpl.newInstance(Unknown Source)
at sun.reflect.DelegatingConstructorAccessorImpl.newInstance(Unknown Source)
at java.lang.reflect.Constructor.newInstance(Unknown Source)
at org.openqa.selenium.remote.http.W3CHttpResponseCodec.createException(W3CHttpResponseCodec.java:187)
at org.openqa.selenium.remote.http.W3CHttpResponseCodec.decode(W3CHttpResponseCodec.java:122)
at org.openqa.selenium.remote.http.W3CHttpResponseCodec.decode(W3CHttpResponseCodec.java:49)
at org.openqa.selenium.remote.HttpCommandExecutor.execute(HttpCommandExecutor.java:158)
at io.appium.java_client.remote.AppiumCommandExecutor.execute(AppiumCommandExecutor.java:239)
at org.openqa.selenium.remote.RemoteWebDriver.execute(RemoteWebDriver.java:552)
at io.appium.java_client.DefaultGenericMobileDriver.execute(DefaultGenericMobileDriver.java:41)
at io.appium.java_client.AppiumDriver.execute(AppiumDriver.java:1)
at io.appium.java_client.android.AndroidDriver.execute(AndroidDriver.java:1)
at org.openqa.selenium.remote.RemoteWebDriver.findElements(RemoteWebDriver.java:353)
at io.appium.java_client.DefaultGenericMobileDriver.findElements(DefaultGenericMobileDriver.java:53)
at io.appium.java_client.AppiumDriver.findElements(AppiumDriver.java:178)
at org.openqa.selenium.remote.RemoteWebDriver.findElementsByXPath(RemoteWebDriver.java:432)
at io.appium.java_client.DefaultGenericMobileDriver.findElementsByXPath(DefaultGenericMobileDriver.java:155)
at io.appium.java_client.AppiumDriver.findElementsByXPath(AppiumDriver.java:211)
at org.openqa.selenium.By$ByXPath.findElements(By.java:348)
at org.openqa.selenium.remote.RemoteWebDriver.findElements(RemoteWebDriver.java:311)
at io.appium.java_client.DefaultGenericMobileDriver.findElements(DefaultGenericMobileDriver.java:49)
at io.appium.java_client.AppiumDriver.findElements(AppiumDriver.java:173)
at bluAndroid.bluAndroid.pageObjects.ParcelsDetailsScreen.parcelDetailsViewContainer(ParcelsDetailsScreen.java:54)
at bluAndroid.bluAndroid.TestScripts.CreateBookingRequestTestRunner.clickOnParcels(CreateBookingRequestTestRunner.java:184)
at sun.reflect.NativeMethodAccessorImpl.invoke0(Native Method)
at sun.reflect.NativeMethodAccessorImpl.invoke(Unknown Source)
at sun.reflect.DelegatingMethodAccessorImpl.invoke(Unknown Source)
at java.lang.reflect.Method.invoke(Unknown Source)
at org.testng.internal.MethodInvocationHelper.invokeMethod(MethodInvocationHelper.java:133)
at org.testng.internal.TestInvoker.invokeMethod(TestInvoker.java:584)
at org.testng.internal.TestInvoker.invokeTestMethod(TestInvoker.java:172)
at org.testng.internal.MethodRunner.runInSequence(MethodRunner.java:46)
at org.testng.internal.TestInvoker$MethodInvocationAgent.invoke(TestInvoker.java:804)
at org.testng.internal.TestInvoker.invokeTestMethods(TestInvoker.java:145)
at org.testng.internal.TestMethodWorker.invokeTestMethods(TestMethodWorker.java:146)
at org.testng.internal.TestMethodWorker.run(TestMethodWorker.java:128)
at java.util.ArrayList.forEach(Unknown Source)
at org.testng.TestRunner.privateRun(TestRunner.java:770)
at org.testng.TestRunner.run(TestRunner.java:591)
at org.testng.SuiteRunner.runTest(SuiteRunner.java:402)
at org.testng.SuiteRunner.runSequentially(SuiteRunner.java:396)
at org.testng.SuiteRunner.privateRun(SuiteRunner.java:355)
at org.testng.SuiteRunner.run(SuiteRunner.java:304)
at org.testng.SuiteRunnerWorker.runSuite(SuiteRunnerWorker.java:53)
at org.testng.SuiteRunnerWorker.run(SuiteRunnerWorker.java:96)
at org.testng.TestNG.runSuitesSequentially(TestNG.java:1180)
at org.testng.TestNG.runSuitesLocally(TestNG.java:1102)
at org.testng.TestNG.runSuites(TestNG.java:1032)
at org.testng.TestNG.run(TestNG.java:1000)
at org.testng.remote.AbstractRemoteTestNG.run(AbstractRemoteTestNG.java:115)
at org.testng.remote.RemoteTestNG.initAndRun(RemoteTestNG.java:251)
at org.testng.remote.RemoteTestNG.main(RemoteTestNG.java:77)
]]>
    </error>
  </testcase> <!-- clickOnParcels -->
  <testcase name="getResult" time="0.356" classname="bluAndroid.bluAndroid.TestScripts.CreateBookingRequestTestRunner">
    <error type="org.openqa.selenium.NoSuchSessionException" message="A session is either terminated or not started
Build info: version: &#039;3.141.59&#039;, revision: &#039;e82be7d358&#039;, time: &#039;2018-11-14T08:17:03&#039;
System info: host: &#039;BLU-LP-00004&#039;, ip: &#039;192.168.56.1&#039;, os.name: &#039;Windows 10&#039;, os.arch: &#039;amd64&#039;, os.version: &#039;10.0&#039;, java.version: &#039;1.8.0_221&#039;
Driver info: io.appium.java_client.android.AndroidDriver
Capabilities {appActivity: sg.com.blu.android.features..., appPackage: sg.com.blu.android.uat, databaseEnabled: false, desired: {appActivity: sg.com.blu.android.features..., appPackage: sg.com.blu.android.uat, deviceName: Galaxy S8+, platformName: android, platformVersion: 8.0.0, resetKeyboard: true, udid: ce031713d5fad93001, unicodeKeyboard: true}, deviceManufacturer: samsung, deviceModel: SM-G955F, deviceName: ce031713d5fad93001, deviceScreenSize: 1440x2960, deviceUDID: ce031713d5fad93001, javascriptEnabled: true, locationContextEnabled: false, networkConnectionEnabled: true, platform: LINUX, platformName: Android, platformVersion: 8.0.0, resetKeyboard: true, takesScreenshot: true, udid: ce031713d5fad93001, unicodeKeyboard: true, warnings: {}, webStorageEnabled: false}
Session ID: 0142a240-a904-4969-89c3-f309d0ec63f2">
      <![CDATA[org.openqa.selenium.NoSuchSessionException: A session is either terminated or not started
Build info: version: '3.141.59', revision: 'e82be7d358', time: '2018-11-14T08:17:03'
System info: host: 'BLU-LP-00004', ip: '192.168.56.1', os.name: 'Windows 10', os.arch: 'amd64', os.version: '10.0', java.version: '1.8.0_221'
Driver info: io.appium.java_client.android.AndroidDriver
Capabilities {appActivity: sg.com.blu.android.features..., appPackage: sg.com.blu.android.uat, databaseEnabled: false, desired: {appActivity: sg.com.blu.android.features..., appPackage: sg.com.blu.android.uat, deviceName: Galaxy S8+, platformName: android, platformVersion: 8.0.0, resetKeyboard: true, udid: ce031713d5fad93001, unicodeKeyboard: true}, deviceManufacturer: samsung, deviceModel: SM-G955F, deviceName: ce031713d5fad93001, deviceScreenSize: 1440x2960, deviceUDID: ce031713d5fad93001, javascriptEnabled: true, locationContextEnabled: false, networkConnectionEnabled: true, platform: LINUX, platformName: Android, platformVersion: 8.0.0, resetKeyboard: true, takesScreenshot: true, udid: ce031713d5fad93001, unicodeKeyboard: true, warnings: {}, webStorageEnabled: false}
Session ID: 0142a240-a904-4969-89c3-f309d0ec63f2
at sun.reflect.NativeConstructorAccessorImpl.newInstance0(Native Method)
at sun.reflect.NativeConstructorAccessorImpl.newInstance(Unknown Source)
at sun.reflect.DelegatingConstructorAccessorImpl.newInstance(Unknown Source)
at java.lang.reflect.Constructor.newInstance(Unknown Source)
at org.openqa.selenium.remote.http.W3CHttpResponseCodec.createException(W3CHttpResponseCodec.java:187)
at org.openqa.selenium.remote.http.W3CHttpResponseCodec.decode(W3CHttpResponseCodec.java:122)
at org.openqa.selenium.remote.http.W3CHttpResponseCodec.decode(W3CHttpResponseCodec.java:49)
at org.openqa.selenium.remote.HttpCommandExecutor.execute(HttpCommandExecutor.java:158)
at io.appium.java_client.remote.AppiumCommandExecutor.execute(AppiumCommandExecutor.java:239)
at org.openqa.selenium.remote.RemoteWebDriver.execute(RemoteWebDriver.java:552)
at io.appium.java_client.DefaultGenericMobileDriver.execute(DefaultGenericMobileDriver.java:45)
at io.appium.java_client.AppiumDriver.execute(AppiumDriver.java:1)
at io.appium.java_client.android.AndroidDriver.execute(AndroidDriver.java:1)
at org.openqa.selenium.remote.RemoteWebDriver.getScreenshotAs(RemoteWebDriver.java:295)
at bluAndroid.bluAndroid.util.CommonUtil.takesScreenShotFailed(CommonUtil.java:57)
at bluAndroid.bluAndroid.TestScripts.CreateBookingRequestTestRunner.getResult(CreateBookingRequestTestRunner.java:207)
at sun.reflect.NativeMethodAccessorImpl.invoke0(Native Method)
at sun.reflect.NativeMethodAccessorImpl.invoke(Unknown Source)
at sun.reflect.DelegatingMethodAccessorImpl.invoke(Unknown Source)
at java.lang.reflect.Method.invoke(Unknown Source)
at org.testng.internal.MethodInvocationHelper.invokeMethod(MethodInvocationHelper.java:133)
at org.testng.internal.MethodInvocationHelper.invokeMethodConsideringTimeout(MethodInvocationHelper.java:62)
at org.testng.internal.ConfigInvoker.invokeConfigurationMethod(ConfigInvoker.java:340)
at org.testng.internal.ConfigInvoker.invokeConfigurations(ConfigInvoker.java:294)
at org.testng.internal.TestInvoker.runConfigMethods(TestInvoker.java:683)
at org.testng.internal.TestInvoker.runAfterGroupsConfigurations(TestInvoker.java:658)
at org.testng.internal.TestInvoker.invokeMethod(TestInvoker.java:642)
at org.testng.internal.TestInvoker.invokeTestMethod(TestInvoker.java:172)
at org.testng.internal.MethodRunner.runInSequence(MethodRunner.java:46)
at org.testng.internal.TestInvoker$MethodInvocationAgent.invoke(TestInvoker.java:804)
at org.testng.internal.TestInvoker.invokeTestMethods(TestInvoker.java:145)
at org.testng.internal.TestMethodWorker.invokeTestMethods(TestMethodWorker.java:146)
at org.testng.internal.TestMethodWorker.run(TestMethodWorker.java:128)
at java.util.ArrayList.forEach(Unknown Source)
at org.testng.TestRunner.privateRun(TestRunner.java:770)
at org.testng.TestRunner.run(TestRunner.java:591)
at org.testng.SuiteRunner.runTest(SuiteRunner.java:402)
at org.testng.SuiteRunner.runSequentially(SuiteRunner.java:396)
at org.testng.SuiteRunner.privateRun(SuiteRunner.java:355)
at org.testng.SuiteRunner.run(SuiteRunner.java:304)
at org.testng.SuiteRunnerWorker.runSuite(SuiteRunnerWorker.java:53)
at org.testng.SuiteRunnerWorker.run(SuiteRunnerWorker.java:96)
at org.testng.TestNG.runSuitesSequentially(TestNG.java:1180)
at org.testng.TestNG.runSuitesLocally(TestNG.java:1102)
at org.testng.TestNG.runSuites(TestNG.java:1032)
at org.testng.TestNG.run(TestNG.java:1000)
at org.testng.remote.AbstractRemoteTestNG.run(AbstractRemoteTestNG.java:115)
at org.testng.remote.RemoteTestNG.initAndRun(RemoteTestNG.java:251)
at org.testng.remote.RemoteTestNG.main(RemoteTestNG.java:77)
]]>
    </error>
  </testcase> <!-- getResult -->
</testsuite> <!-- bluAndroid.bluAndroid.TestScripts.CreateBookingRequestTestRunner -->
