<?xml version="1.0" encoding="UTF-8"?>
<!-- Generated by org.testng.reporters.JUnitReportReporter -->
<testsuite skipped="0" hostname="BLU-LP-00004" name="bluAndroid.bluAndroid.TestScripts.CreateRequestTestRunner" tests="2" failures="0" timestamp="2020-02-26T16:30:07 SGT" time="226.527" errors="0">
  <testcase name="B_S13_TC02_CreateRequestViaBluPortWithMobileNo" time="123.397" classname="bluAndroid.bluAndroid.TestScripts.CreateRequestTestRunner"/>
  <testcase name="B_S13_TC01_CreateRequestViaBluPortWithBluId" time="103.130" classname="bluAndroid.bluAndroid.TestScripts.CreateRequestTestRunner"/>
</testsuite> <!-- bluAndroid.bluAndroid.TestScripts.CreateRequestTestRunner -->
