<?xml version="1.0" encoding="UTF-8"?>
<!-- Generated by org.testng.reporters.JUnitReportReporter -->
<testsuite skipped="0" hostname="BLU-LP-00004" name="bluAndroid.bluAndroid.TestScripts.WalletTestRunner" tests="6" failures="0" timestamp="2020-02-26T16:30:07 SGT" time="671.386" errors="0">
  <testcase name="F_S02_TC03_sendReceipt" time="121.182" classname="bluAndroid.bluAndroid.TestScripts.WalletTestRunner"/>
  <testcase name="F_S01_TC02_addPaymentMethods" time="124.689" classname="bluAndroid.bluAndroid.TestScripts.WalletTestRunner"/>
  <testcase name="F_S01_TC03_removePaymentMethods" time="103.594" classname="bluAndroid.bluAndroid.TestScripts.WalletTestRunner"/>
  <testcase name="F_S02_TC01_transactionDetails" time="115.476" classname="bluAndroid.bluAndroid.TestScripts.WalletTestRunner"/>
  <testcase name="F_S01_TC01_topUpWallet" time="95.845" classname="bluAndroid.bluAndroid.TestScripts.WalletTestRunner"/>
  <testcase name="tc02_invalidCardDetails" time="110.600" classname="bluAndroid.bluAndroid.TestScripts.WalletTestRunner"/>
</testsuite> <!-- bluAndroid.bluAndroid.TestScripts.WalletTestRunner -->
