<?xml version="1.0" encoding="UTF-8"?>
<!-- Generated by org.testng.reporters.JUnitReportReporter -->
<testsuite skipped="0" hostname="BLU-LP-00004" name="bluAndroid.bluAndroid.TestScripts.SavedLocationsTestRunner" tests="1" failures="0" timestamp="2020-01-23T15:44:30 SGT" time="78.529" errors="0">
  <testcase name="tc03_bluHomeAddressValidation" time="78.529" classname="bluAndroid.bluAndroid.TestScripts.SavedLocationsTestRunner"/>
</testsuite> <!-- bluAndroid.bluAndroid.TestScripts.SavedLocationsTestRunner -->
