<?xml version="1.0" encoding="UTF-8"?>
<!-- Generated by org.testng.reporters.JUnitReportReporter -->
<testsuite skipped="0" hostname="BLU-LP-00004" name="bluAndroid.bluAndroid.TestScripts.RewardsTestRunner" tests="1" failures="0" timestamp="2020-01-21T11:06:00 SGT" time="70.195" errors="0">
  <testcase name="G_S06_TC07_InsufficientPoints" time="70.195" classname="bluAndroid.bluAndroid.TestScripts.RewardsTestRunner"/>
</testsuite> <!-- bluAndroid.bluAndroid.TestScripts.RewardsTestRunner -->
