<?xml version="1.0" encoding="UTF-8"?>
<!-- Generated by org.testng.reporters.JUnitReportReporter -->
<testsuite skipped="0" hostname="BLU-LP-00004" name="bluAndroid.bluAndroid.TestScripts.CreateRequestTestRunner" tests="1" failures="0" timestamp="2020-02-05T09:44:07 SGT" time="84.955" errors="0">
  <testcase name="B_S13_TC01_CreateRequestViaBluPortWithBluId" time="84.955" classname="bluAndroid.bluAndroid.TestScripts.CreateRequestTestRunner"/>
</testsuite> <!-- bluAndroid.bluAndroid.TestScripts.CreateRequestTestRunner -->
