<?xml version="1.0" encoding="UTF-8"?>
<!-- Generated by org.testng.reporters.JUnitReportReporter -->
<testsuite skipped="0" hostname="BLU-LP-00004" name="bluAndroid.bluAndroid.TestScripts.PublicProfileTestRunner" tests="7" failures="0" timestamp="2020-02-26T16:30:07 SGT" time="787.657" errors="0">
  <testcase name="tc03_viewFriendProfileByMobile" time="118.803" classname="bluAndroid.bluAndroid.TestScripts.PublicProfileTestRunner"/>
  <testcase name="tc01_ViewPublicProfile" time="105.315" classname="bluAndroid.bluAndroid.TestScripts.PublicProfileTestRunner"/>
  <testcase name="tc04_InvaldBluId" time="109.009" classname="bluAndroid.bluAndroid.TestScripts.PublicProfileTestRunner"/>
  <testcase name="tc02_viewFriendProfileByBluID" time="114.577" classname="bluAndroid.bluAndroid.TestScripts.PublicProfileTestRunner"/>
  <testcase name="tc06_blockMember" time="111.156" classname="bluAndroid.bluAndroid.TestScripts.PublicProfileTestRunner"/>
  <testcase name="tc05_InvaldMobile" time="114.328" classname="bluAndroid.bluAndroid.TestScripts.PublicProfileTestRunner"/>
  <testcase name="tc07_unblockMember" time="114.469" classname="bluAndroid.bluAndroid.TestScripts.PublicProfileTestRunner"/>
</testsuite> <!-- bluAndroid.bluAndroid.TestScripts.PublicProfileTestRunner -->
