<?xml version="1.0" encoding="UTF-8"?>
<!-- Generated by org.testng.reporters.JUnitReportReporter -->
<testsuite skipped="2" hostname="BLU-LP-00004" name="bluAndroid.bluAndroid.TestScripts.BluLoginTestRunner" tests="12" failures="1" timestamp="2020-01-30T23:16:55 SGT" time="621.555" errors="0">
  <testcase name="tc11_invalidMobileNumberInvalidPassword" time="67.641" classname="bluAndroid.bluAndroid.TestScripts.BluLoginTestRunner"/>
  <testcase name="tc06_notRegisteredMobileNumber" time="44.858" classname="bluAndroid.bluAndroid.TestScripts.BluLoginTestRunner">
    <failure type="java.lang.AssertionError" message="expected [Invalid mobile number/email address or password.] but found [Maximum login attempt exceeded]">
      <![CDATA[java.lang.AssertionError: expected [Invalid mobile number/email address or password.] but found [Maximum login attempt exceeded]
at org.testng.Assert.fail(Assert.java:97)
at org.testng.Assert.assertEqualsImpl(Assert.java:136)
at org.testng.Assert.assertEquals(Assert.java:118)
at org.testng.Assert.assertEquals(Assert.java:575)
at org.testng.Assert.assertEquals(Assert.java:585)
at bluAndroid.bluAndroid.TestScripts.BluLoginTestRunner.tc06_notRegisteredMobileNumber(BluLoginTestRunner.java:119)
at sun.reflect.NativeMethodAccessorImpl.invoke0(Native Method)
at sun.reflect.NativeMethodAccessorImpl.invoke(NativeMethodAccessorImpl.java:62)
at sun.reflect.DelegatingMethodAccessorImpl.invoke(DelegatingMethodAccessorImpl.java:43)
at java.lang.reflect.Method.invoke(Method.java:498)
at org.testng.internal.MethodInvocationHelper.invokeMethod(MethodInvocationHelper.java:133)
at org.testng.internal.TestInvoker.invokeMethod(TestInvoker.java:584)
at org.testng.internal.TestInvoker.invokeTestMethod(TestInvoker.java:172)
at org.testng.internal.MethodRunner.runInSequence(MethodRunner.java:46)
at org.testng.internal.TestInvoker$MethodInvocationAgent.invoke(TestInvoker.java:804)
at org.testng.internal.TestInvoker.invokeTestMethods(TestInvoker.java:145)
at org.testng.internal.TestMethodWorker.invokeTestMethods(TestMethodWorker.java:146)
at org.testng.internal.TestMethodWorker.run(TestMethodWorker.java:128)
at java.util.ArrayList.forEach(ArrayList.java:1257)
at org.testng.TestRunner.privateRun(TestRunner.java:770)
at org.testng.TestRunner.run(TestRunner.java:591)
at org.testng.SuiteRunner.runTest(SuiteRunner.java:402)
at org.testng.SuiteRunner.runSequentially(SuiteRunner.java:396)
at org.testng.SuiteRunner.privateRun(SuiteRunner.java:355)
at org.testng.SuiteRunner.run(SuiteRunner.java:304)
at org.testng.SuiteRunnerWorker.runSuite(SuiteRunnerWorker.java:53)
at org.testng.SuiteRunnerWorker.run(SuiteRunnerWorker.java:96)
at org.testng.TestNG.runSuitesSequentially(TestNG.java:1180)
at org.testng.TestNG.runSuitesLocally(TestNG.java:1102)
at org.testng.TestNG.runSuites(TestNG.java:1032)
at org.testng.TestNG.run(TestNG.java:1000)
at org.testng.remote.AbstractRemoteTestNG.run(AbstractRemoteTestNG.java:115)
at org.testng.remote.RemoteTestNG.initAndRun(RemoteTestNG.java:251)
at org.testng.remote.RemoteTestNG.main(RemoteTestNG.java:77)
]]>
    </failure>
  </testcase> <!-- tc06_notRegisteredMobileNumber -->
  <testcase name="tc01_validMobileValidPassword" time="93.681" classname="bluAndroid.bluAndroid.TestScripts.BluLoginTestRunner"/>
  <testcase name="tc09_validEmailInvalidPassword" time="67.823" classname="bluAndroid.bluAndroid.TestScripts.BluLoginTestRunner"/>
  <testcase name="tc08_validEmailPassword" time="77.114" classname="bluAndroid.bluAndroid.TestScripts.BluLoginTestRunner"/>
  <testcase name="tc10_validMobileNumberInvalidPassword" time="55.056" classname="bluAndroid.bluAndroid.TestScripts.BluLoginTestRunner"/>
  <testcase name="tc04_withoutCredentials" time="46.312" classname="bluAndroid.bluAndroid.TestScripts.BluLoginTestRunner"/>
  <testcase name="tc07_notRegisteredEmail" time="56.059" classname="bluAndroid.bluAndroid.TestScripts.BluLoginTestRunner"/>
  <testcase name="tc03_invalidMobileNumberValidPassword" time="42.888" classname="bluAndroid.bluAndroid.TestScripts.BluLoginTestRunner"/>
  <testcase name="tc02_invalidEmailValidPassword" time="70.123" classname="bluAndroid.bluAndroid.TestScripts.BluLoginTestRunner"/>
  <testcase name="splashScreen" classname="bluAndroid.bluAndroid.TestScripts.BluLoginTestRunner">
    <skipped/>
  </testcase> <!-- splashScreen -->
  <testcase name="tc05_maximumInvalidLoginAttemptError" classname="bluAndroid.bluAndroid.TestScripts.BluLoginTestRunner">
    <skipped/>
  </testcase> <!-- tc05_maximumInvalidLoginAttemptError -->
</testsuite> <!-- bluAndroid.bluAndroid.TestScripts.BluLoginTestRunner -->
