<?xml version="1.0" encoding="UTF-8"?>
<!-- Generated by org.testng.reporters.JUnitReportReporter -->
<testsuite skipped="0" hostname="BLU-LP-00004" name="bluAndroid.bluAndroid.TestScripts.WalletTestRunner" tests="1" failures="0" timestamp="2020-01-21T18:19:14 SGT" time="84.361" errors="0">
  <testcase name="F_S01_TC01_topUpWallet" time="84.361" classname="bluAndroid.bluAndroid.TestScripts.WalletTestRunner"/>
</testsuite> <!-- bluAndroid.bluAndroid.TestScripts.WalletTestRunner -->
