<?xml version="1.0" encoding="UTF-8"?>
<!-- Generated by org.testng.reporters.JUnitReportReporter -->
<testsuite skipped="0" hostname="BLU-LP-00004" name="bluAndroid.bluAndroid.TestScripts.CreateBookingViaRequestTestRunner" tests="1" failures="0" timestamp="2020-01-17T11:01:30 SGT" time="226.643" errors="0">
  <testcase name="B_S15_TC01_MakeBookingViaRequest" time="226.643" classname="bluAndroid.bluAndroid.TestScripts.CreateBookingViaRequestTestRunner"/>
</testsuite> <!-- bluAndroid.bluAndroid.TestScripts.CreateBookingViaRequestTestRunner -->
