<?xml version="1.0" encoding="UTF-8"?>
<!-- Generated by org.testng.reporters.JUnitReportReporter -->
<testsuite skipped="0" hostname="BLU-LP-00004" name="bluAndroid.bluAndroid.TestScripts.LogoutTestRunner" tests="6" failures="0" timestamp="2020-02-26T16:30:08 SGT" time="513.081" errors="0">
  <testcase name="tc05_Invalidpassword" time="82.939" classname="bluAndroid.bluAndroid.TestScripts.LogoutTestRunner"/>
  <testcase name="tc06_deactivateAccount" time="91.123" classname="bluAndroid.bluAndroid.TestScripts.LogoutTestRunner"/>
  <testcase name="tc02_resetPassword" time="109.806" classname="bluAndroid.bluAndroid.TestScripts.LogoutTestRunner"/>
  <testcase name="tc01_logout" time="68.785" classname="bluAndroid.bluAndroid.TestScripts.LogoutTestRunner"/>
  <testcase name="tc03_resetPasswordErrorWhenActorhasNotProvidedAnythingAndClicksOnSubmit" time="69.457" classname="bluAndroid.bluAndroid.TestScripts.LogoutTestRunner"/>
  <testcase name="tc04_NonMatchingPassword" time="90.971" classname="bluAndroid.bluAndroid.TestScripts.LogoutTestRunner"/>
</testsuite> <!-- bluAndroid.bluAndroid.TestScripts.LogoutTestRunner -->
