<?xml version="1.0" encoding="UTF-8"?>
<!-- Generated by org.testng.reporters.JUnitReportReporter -->
<testsuite skipped="0" hostname="BLU-LP-00004" name="bluAndroid.bluAndroid.TestScripts.CheckOutWithBlu" tests="1" failures="0" timestamp="2020-01-09T13:03:21 SGT" time="60.301" errors="0">
  <testcase name="tc_checkOutWithBlu" time="60.301" classname="bluAndroid.bluAndroid.TestScripts.CheckOutWithBlu"/>
</testsuite> <!-- bluAndroid.bluAndroid.TestScripts.CheckOutWithBlu -->
