<?xml version="1.0" encoding="UTF-8"?>
<!-- Generated by org.testng.reporters.JUnitReportReporter -->
<testsuite skipped="0" hostname="BLU-LP-00004" name="bluAndroid.bluAndroid.TestScripts.CreateBookingViaRequestTestRunner" tests="2" failures="0" timestamp="2020-01-22T21:55:35 SGT" time="275.124" errors="0">
  <testcase name="B_S15_TC02_RejectRequest" time="106.228" classname="bluAndroid.bluAndroid.TestScripts.CreateBookingViaRequestTestRunner"/>
  <testcase name="B_S15_TC01_MakeBookingViaRequest" time="168.896" classname="bluAndroid.bluAndroid.TestScripts.CreateBookingViaRequestTestRunner"/>
</testsuite> <!-- bluAndroid.bluAndroid.TestScripts.CreateBookingViaRequestTestRunner -->
