<?xml version="1.0" encoding="UTF-8"?>
<!-- Generated by org.testng.reporters.JUnitReportReporter -->
<testsuite skipped="2" hostname="BLU-LP-00004" name="bluAndroid.bluAndroid.TestScripts.BluLoginTestRunner" tests="12" failures="0" timestamp="2020-02-26T16:30:07 SGT" time="721.004" errors="0">
  <testcase name="tc07_notRegisteredEmail" time="83.526" classname="bluAndroid.bluAndroid.TestScripts.BluLoginTestRunner"/>
  <testcase name="tc09_validEmailInvalidPassword" time="75.930" classname="bluAndroid.bluAndroid.TestScripts.BluLoginTestRunner"/>
  <testcase name="tc10_validMobileNumberInvalidPassword" time="67.871" classname="bluAndroid.bluAndroid.TestScripts.BluLoginTestRunner"/>
  <testcase name="tc03_invalidMobileNumberValidPassword" time="74.648" classname="bluAndroid.bluAndroid.TestScripts.BluLoginTestRunner"/>
  <testcase name="tc08_validEmailPassword" time="83.333" classname="bluAndroid.bluAndroid.TestScripts.BluLoginTestRunner"/>
  <testcase name="tc01_validMobileValidPassword" time="64.331" classname="bluAndroid.bluAndroid.TestScripts.BluLoginTestRunner"/>
  <testcase name="tc04_withoutCredentials" time="61.404" classname="bluAndroid.bluAndroid.TestScripts.BluLoginTestRunner"/>
  <testcase name="tc11_invalidMobileNumberInvalidPassword" time="75.070" classname="bluAndroid.bluAndroid.TestScripts.BluLoginTestRunner"/>
  <testcase name="tc06_notRegisteredMobileNumber" time="68.069" classname="bluAndroid.bluAndroid.TestScripts.BluLoginTestRunner"/>
  <testcase name="tc02_invalidEmailValidPassword" time="66.822" classname="bluAndroid.bluAndroid.TestScripts.BluLoginTestRunner"/>
  <testcase name="splashScreen" classname="bluAndroid.bluAndroid.TestScripts.BluLoginTestRunner">
    <skipped/>
  </testcase> <!-- splashScreen -->
  <testcase name="tc05_maximumInvalidLoginAttemptError" classname="bluAndroid.bluAndroid.TestScripts.BluLoginTestRunner">
    <skipped/>
  </testcase> <!-- tc05_maximumInvalidLoginAttemptError -->
</testsuite> <!-- bluAndroid.bluAndroid.TestScripts.BluLoginTestRunner -->
