<?xml version="1.0" encoding="UTF-8"?>
<!-- Generated by org.testng.reporters.JUnitReportReporter -->
<testsuite skipped="0" hostname="BLU-LP-00004" name="bluAndroid.bluAndroid.TestScripts.LogoutTestRunner" tests="6" failures="0" timestamp="2020-01-30T23:16:55 SGT" time="469.447" errors="0">
  <testcase name="tc06_deactivateAccount" time="64.214" classname="bluAndroid.bluAndroid.TestScripts.LogoutTestRunner"/>
  <testcase name="tc02_resetPassword" time="98.533" classname="bluAndroid.bluAndroid.TestScripts.LogoutTestRunner"/>
  <testcase name="tc03_resetPasswordErrorWhenActorhasNotProvidedAnythingAndClicksOnSubmit" time="65.563" classname="bluAndroid.bluAndroid.TestScripts.LogoutTestRunner"/>
  <testcase name="tc05_Invalidpassword" time="80.882" classname="bluAndroid.bluAndroid.TestScripts.LogoutTestRunner"/>
  <testcase name="tc01_logout" time="67.551" classname="bluAndroid.bluAndroid.TestScripts.LogoutTestRunner"/>
  <testcase name="tc04_NonMatchingPassword" time="92.704" classname="bluAndroid.bluAndroid.TestScripts.LogoutTestRunner"/>
</testsuite> <!-- bluAndroid.bluAndroid.TestScripts.LogoutTestRunner -->
