<?xml version="1.0" encoding="UTF-8"?>
<!-- Generated by org.testng.reporters.JUnitReportReporter -->
<testsuite skipped="0" hostname="BLU-LP-00004" name="bluAndroid.bluAndroid.TestScripts.SavedLocationsTestRunner" tests="1" failures="0" timestamp="2020-01-13T13:51:08 SGT" time="774.704" errors="0">
  <testcase name="tc04_removeBluHomeLocation" time="774.704" classname="bluAndroid.bluAndroid.TestScripts.SavedLocationsTestRunner"/>
</testsuite> <!-- bluAndroid.bluAndroid.TestScripts.SavedLocationsTestRunner -->
