<?xml version="1.0" encoding="UTF-8"?>
<!-- Generated by org.testng.reporters.JUnitReportReporter -->
<testsuite skipped="0" hostname="BLU-LP-00004" name="bluAndroid.bluAndroid.TestScripts.RewardsTestRunner" tests="1" failures="0" timestamp="2020-01-20T10:47:36 SGT" time="99.953" errors="0">
  <testcase name="G_S06_TC05_promoCode" time="99.953" classname="bluAndroid.bluAndroid.TestScripts.RewardsTestRunner"/>
</testsuite> <!-- bluAndroid.bluAndroid.TestScripts.RewardsTestRunner -->
