<?xml version="1.0" encoding="UTF-8"?>
<!-- Generated by org.testng.reporters.JUnitReportReporter -->
<testsuite skipped="0" hostname="BLU-LP-00004" name="bluAndroid.bluAndroid.TestScripts.BluMyDetailsTestRunner" tests="9" failures="0" timestamp="2020-02-26T16:30:08 SGT" time="977.331" errors="0">
  <testcase name="tc07_editMobileAlreadyExists" time="91.379" classname="bluAndroid.bluAndroid.TestScripts.BluMyDetailsTestRunner"/>
  <testcase name="tc03_editLastName" time="97.951" classname="bluAndroid.bluAndroid.TestScripts.BluMyDetailsTestRunner"/>
  <testcase name="tc02_UnableToEditFirstName" time="130.344" classname="bluAndroid.bluAndroid.TestScripts.BluMyDetailsTestRunner"/>
  <testcase name="tc07_editGender" time="102.536" classname="bluAndroid.bluAndroid.TestScripts.BluMyDetailsTestRunner"/>
  <testcase name="tc08_referAFriend" time="93.277" classname="bluAndroid.bluAndroid.TestScripts.BluMyDetailsTestRunner"/>
  <testcase name="tc06_editEmailAlreadyExists" time="117.431" classname="bluAndroid.bluAndroid.TestScripts.BluMyDetailsTestRunner"/>
  <testcase name="tc01_editFirstName" time="115.946" classname="bluAndroid.bluAndroid.TestScripts.BluMyDetailsTestRunner"/>
  <testcase name="tc05_editEmail" time="116.504" classname="bluAndroid.bluAndroid.TestScripts.BluMyDetailsTestRunner"/>
  <testcase name="tc04_unableToEditLastName" time="111.963" classname="bluAndroid.bluAndroid.TestScripts.BluMyDetailsTestRunner"/>
</testsuite> <!-- bluAndroid.bluAndroid.TestScripts.BluMyDetailsTestRunner -->
