<?xml version="1.0" encoding="UTF-8"?>
<!-- Generated by org.testng.reporters.JUnitReportReporter -->
<testsuite skipped="21" hostname="BLU-LP-00004" name="bluAndroid.bluAndroid.TestScripts.CreateBookingTestRunner" tests="22" failures="0" timestamp="2020-01-22T13:43:55 SGT" time="413.009" errors="1">
  <testcase name="B_S01_TC06_CreateBookingViaBluHomeWithBluIdToOwnself" time="0.000" classname="bluAndroid.bluAndroid.TestScripts.CreateBookingTestRunner">
    <skipped/>
  </testcase> <!-- B_S01_TC06_CreateBookingViaBluHomeWithBluIdToOwnself -->
  <testcase name="B_S01_TC07_RedeemedRewardCanBeUsedInBooking" time="0.000" classname="bluAndroid.bluAndroid.TestScripts.CreateBookingTestRunner">
    <skipped/>
  </testcase> <!-- B_S01_TC07_RedeemedRewardCanBeUsedInBooking -->
  <testcase name="B_S09_TC01_EditOrigin" time="0.000" classname="bluAndroid.bluAndroid.TestScripts.CreateBookingTestRunner">
    <skipped/>
  </testcase> <!-- B_S09_TC01_EditOrigin -->
  <testcase name="B_S09_TC05_EditProductCatagory" time="0.000" classname="bluAndroid.bluAndroid.TestScripts.CreateBookingTestRunner">
    <skipped/>
  </testcase> <!-- B_S09_TC05_EditProductCatagory -->
  <testcase name="B_S02_TC05_ChangeRecipientLink" time="0.000" classname="bluAndroid.bluAndroid.TestScripts.CreateBookingTestRunner">
    <skipped/>
  </testcase> <!-- B_S02_TC05_ChangeRecipientLink -->
  <testcase name="B_S02_TC02_NotRegisteredMobile" time="0.000" classname="bluAndroid.bluAndroid.TestScripts.CreateBookingTestRunner">
    <skipped/>
  </testcase> <!-- B_S02_TC02_NotRegisteredMobile -->
  <testcase name="B_S09_TC04_EditBoxSize" time="0.000" classname="bluAndroid.bluAndroid.TestScripts.CreateBookingTestRunner">
    <skipped/>
  </testcase> <!-- B_S09_TC04_EditBoxSize -->
  <testcase name="B_S01_TC04_CreateBookingViaBluHomeWithBluId" time="0.000" classname="bluAndroid.bluAndroid.TestScripts.CreateBookingTestRunner">
    <skipped/>
  </testcase> <!-- B_S01_TC04_CreateBookingViaBluHomeWithBluId -->
  <testcase name="B_S02_TC05_InvalidMobileAndRecipientName" time="0.000" classname="bluAndroid.bluAndroid.TestScripts.CreateBookingTestRunner">
    <skipped/>
  </testcase> <!-- B_S02_TC05_InvalidMobileAndRecipientName -->
  <testcase name="B_S08_TC01_ApplicableRewardsForBooking" time="0.000" classname="bluAndroid.bluAndroid.TestScripts.CreateBookingTestRunner">
    <skipped/>
  </testcase> <!-- B_S08_TC01_ApplicableRewardsForBooking -->
  <testcase name="B_S09_TC07_EditReward" time="0.000" classname="bluAndroid.bluAndroid.TestScripts.CreateBookingTestRunner">
    <skipped/>
  </testcase> <!-- B_S09_TC07_EditReward -->
  <testcase name="B_S01_TC03_CreateBookingViaBluPortWithBluIdToOwnself" time="0.000" classname="bluAndroid.bluAndroid.TestScripts.CreateBookingTestRunner">
    <skipped/>
  </testcase> <!-- B_S01_TC03_CreateBookingViaBluPortWithBluIdToOwnself -->
  <testcase name="B_S06_TC01_VerifyProductCatagoryScreen" time="0.000" classname="bluAndroid.bluAndroid.TestScripts.CreateBookingTestRunner">
    <skipped/>
  </testcase> <!-- B_S06_TC01_VerifyProductCatagoryScreen -->
  <testcase name="preCondition" time="413.009" classname="bluAndroid.bluAndroid.TestScripts.CreateBookingTestRunner">
    <error type="org.openqa.selenium.NoSuchElementException" message="An element could not be located on the page using the given search parameters.
For documentation on this error, please visit: https://www.seleniumhq.org/exceptions/no_such_element.html
Build info: version: &#039;3.141.59&#039;, revision: &#039;e82be7d358&#039;, time: &#039;2018-11-14T08:17:03&#039;
System info: host: &#039;BLU-LP-00004&#039;, ip: &#039;192.168.56.1&#039;, os.name: &#039;Windows 10&#039;, os.arch: &#039;amd64&#039;, os.version: &#039;10.0&#039;, java.version: &#039;1.8.0_221&#039;
Driver info: io.appium.java_client.android.AndroidDriver
Capabilities {appActivity: sg.com.blu.android.features..., appPackage: sg.com.blu.android.uat, databaseEnabled: false, desired: {appActivity: sg.com.blu.android.features..., appPackage: sg.com.blu.android.uat, deviceName: Galaxy S8+, platformName: android, platformVersion: 8.0.0, resetKeyboard: true, udid: ce031713d5fad93001, unicodeKeyboard: true}, deviceManufacturer: samsung, deviceModel: SM-G955F, deviceName: ce031713d5fad93001, deviceScreenSize: 1440x2960, deviceUDID: ce031713d5fad93001, javascriptEnabled: true, locationContextEnabled: false, networkConnectionEnabled: true, platform: LINUX, platformName: Android, platformVersion: 8.0.0, resetKeyboard: true, takesScreenshot: true, udid: ce031713d5fad93001, unicodeKeyboard: true, warnings: {}, webStorageEnabled: false}
Session ID: 07620d19-893c-4d69-ad4b-b519a0a6e078
*** Element info: {Using=id, value=sg.com.blu.android.uat:id/log_in_btn}">
      <![CDATA[org.openqa.selenium.NoSuchElementException: An element could not be located on the page using the given search parameters.
For documentation on this error, please visit: https://www.seleniumhq.org/exceptions/no_such_element.html
Build info: version: '3.141.59', revision: 'e82be7d358', time: '2018-11-14T08:17:03'
System info: host: 'BLU-LP-00004', ip: '192.168.56.1', os.name: 'Windows 10', os.arch: 'amd64', os.version: '10.0', java.version: '1.8.0_221'
Driver info: io.appium.java_client.android.AndroidDriver
Capabilities {appActivity: sg.com.blu.android.features..., appPackage: sg.com.blu.android.uat, databaseEnabled: false, desired: {appActivity: sg.com.blu.android.features..., appPackage: sg.com.blu.android.uat, deviceName: Galaxy S8+, platformName: android, platformVersion: 8.0.0, resetKeyboard: true, udid: ce031713d5fad93001, unicodeKeyboard: true}, deviceManufacturer: samsung, deviceModel: SM-G955F, deviceName: ce031713d5fad93001, deviceScreenSize: 1440x2960, deviceUDID: ce031713d5fad93001, javascriptEnabled: true, locationContextEnabled: false, networkConnectionEnabled: true, platform: LINUX, platformName: Android, platformVersion: 8.0.0, resetKeyboard: true, takesScreenshot: true, udid: ce031713d5fad93001, unicodeKeyboard: true, warnings: {}, webStorageEnabled: false}
Session ID: 07620d19-893c-4d69-ad4b-b519a0a6e078
*** Element info: {Using=id, value=sg.com.blu.android.uat:id/log_in_btn}
at sun.reflect.NativeConstructorAccessorImpl.newInstance0(Native Method)
at sun.reflect.NativeConstructorAccessorImpl.newInstance(Unknown Source)
at sun.reflect.DelegatingConstructorAccessorImpl.newInstance(Unknown Source)
at java.lang.reflect.Constructor.newInstance(Unknown Source)
at org.openqa.selenium.remote.http.W3CHttpResponseCodec.createException(W3CHttpResponseCodec.java:187)
at org.openqa.selenium.remote.http.W3CHttpResponseCodec.decode(W3CHttpResponseCodec.java:122)
at org.openqa.selenium.remote.http.W3CHttpResponseCodec.decode(W3CHttpResponseCodec.java:49)
at org.openqa.selenium.remote.HttpCommandExecutor.execute(HttpCommandExecutor.java:158)
at io.appium.java_client.remote.AppiumCommandExecutor.execute(AppiumCommandExecutor.java:239)
at org.openqa.selenium.remote.RemoteWebDriver.execute(RemoteWebDriver.java:552)
at io.appium.java_client.DefaultGenericMobileDriver.execute(DefaultGenericMobileDriver.java:41)
at io.appium.java_client.AppiumDriver.execute(AppiumDriver.java:1)
at io.appium.java_client.android.AndroidDriver.execute(AndroidDriver.java:1)
at org.openqa.selenium.remote.RemoteWebDriver.findElement(RemoteWebDriver.java:323)
at io.appium.java_client.DefaultGenericMobileDriver.findElement(DefaultGenericMobileDriver.java:61)
at io.appium.java_client.AppiumDriver.findElement(AppiumDriver.java:1)
at io.appium.java_client.android.AndroidDriver.findElement(AndroidDriver.java:1)
at org.openqa.selenium.remote.RemoteWebDriver.findElementById(RemoteWebDriver.java:372)
at io.appium.java_client.DefaultGenericMobileDriver.findElementById(DefaultGenericMobileDriver.java:69)
at io.appium.java_client.AppiumDriver.findElementById(AppiumDriver.java:1)
at io.appium.java_client.android.AndroidDriver.findElementById(AndroidDriver.java:1)
at org.openqa.selenium.By$ById.findElement(By.java:188)
at org.openqa.selenium.remote.RemoteWebDriver.findElement(RemoteWebDriver.java:315)
at io.appium.java_client.DefaultGenericMobileDriver.findElement(DefaultGenericMobileDriver.java:57)
at io.appium.java_client.AppiumDriver.findElement(AppiumDriver.java:1)
at io.appium.java_client.android.AndroidDriver.findElement(AndroidDriver.java:1)
at bluAndroid.bluAndroid.pageObjects.LoginScreen.clickLoginLink(LoginScreen.java:32)
at bluAndroid.bluAndroid.TestScripts.CreateBookingTestRunner.preCondition(CreateBookingTestRunner.java:80)
at sun.reflect.NativeMethodAccessorImpl.invoke0(Native Method)
at sun.reflect.NativeMethodAccessorImpl.invoke(Unknown Source)
at sun.reflect.DelegatingMethodAccessorImpl.invoke(Unknown Source)
at java.lang.reflect.Method.invoke(Unknown Source)
at org.testng.internal.MethodInvocationHelper.invokeMethod(MethodInvocationHelper.java:133)
at org.testng.internal.MethodInvocationHelper.invokeMethodConsideringTimeout(MethodInvocationHelper.java:62)
at org.testng.internal.ConfigInvoker.invokeConfigurationMethod(ConfigInvoker.java:340)
at org.testng.internal.ConfigInvoker.invokeConfigurations(ConfigInvoker.java:294)
at org.testng.internal.TestInvoker.runConfigMethods(TestInvoker.java:683)
at org.testng.internal.TestInvoker.invokeMethod(TestInvoker.java:510)
at org.testng.internal.TestInvoker.invokeTestMethod(TestInvoker.java:172)
at org.testng.internal.MethodRunner.runInSequence(MethodRunner.java:46)
at org.testng.internal.TestInvoker$MethodInvocationAgent.invoke(TestInvoker.java:804)
at org.testng.internal.TestInvoker.invokeTestMethods(TestInvoker.java:145)
at org.testng.internal.TestMethodWorker.invokeTestMethods(TestMethodWorker.java:146)
at org.testng.internal.TestMethodWorker.run(TestMethodWorker.java:128)
at java.util.ArrayList.forEach(Unknown Source)
at org.testng.TestRunner.privateRun(TestRunner.java:770)
at org.testng.TestRunner.run(TestRunner.java:591)
at org.testng.SuiteRunner.runTest(SuiteRunner.java:402)
at org.testng.SuiteRunner.runSequentially(SuiteRunner.java:396)
at org.testng.SuiteRunner.privateRun(SuiteRunner.java:355)
at org.testng.SuiteRunner.run(SuiteRunner.java:304)
at org.testng.SuiteRunnerWorker.runSuite(SuiteRunnerWorker.java:53)
at org.testng.SuiteRunnerWorker.run(SuiteRunnerWorker.java:96)
at org.testng.TestNG.runSuitesSequentially(TestNG.java:1180)
at org.testng.TestNG.runSuitesLocally(TestNG.java:1102)
at org.testng.TestNG.runSuites(TestNG.java:1032)
at org.testng.TestNG.run(TestNG.java:1000)
at org.testng.remote.AbstractRemoteTestNG.run(AbstractRemoteTestNG.java:115)
at org.testng.remote.RemoteTestNG.initAndRun(RemoteTestNG.java:251)
at org.testng.remote.RemoteTestNG.main(RemoteTestNG.java:77)
]]>
    </error>
  </testcase> <!-- preCondition -->
  <testcase name="B_S01_TC01_CreateBookingViaBluPortWithBluId" time="0.000" classname="bluAndroid.bluAndroid.TestScripts.CreateBookingTestRunner">
    <skipped/>
  </testcase> <!-- B_S01_TC01_CreateBookingViaBluPortWithBluId -->
  <testcase name="B_S01_TC02_CreateBookingViaBluPortWithMobileNo" time="0.000" classname="bluAndroid.bluAndroid.TestScripts.CreateBookingTestRunner">
    <skipped/>
  </testcase> <!-- B_S01_TC02_CreateBookingViaBluPortWithMobileNo -->
  <testcase name="B_S06_TC02_VerifyProductCatagoryScreenRemarksField" time="0.000" classname="bluAndroid.bluAndroid.TestScripts.CreateBookingTestRunner">
    <skipped/>
  </testcase> <!-- B_S06_TC02_VerifyProductCatagoryScreenRemarksField -->
  <testcase name="B_S02_TC01_InvaldBluId" time="0.000" classname="bluAndroid.bluAndroid.TestScripts.CreateBookingTestRunner">
    <skipped/>
  </testcase> <!-- B_S02_TC01_InvaldBluId -->
  <testcase name="B_S09_TC02_EditDestination" time="0.000" classname="bluAndroid.bluAndroid.TestScripts.CreateBookingTestRunner">
    <skipped/>
  </testcase> <!-- B_S09_TC02_EditDestination -->
  <testcase name="B_S01_TC05_CreateBookingViaBluHomeWithMobileNo" time="0.000" classname="bluAndroid.bluAndroid.TestScripts.CreateBookingTestRunner">
    <skipped/>
  </testcase> <!-- B_S01_TC05_CreateBookingViaBluHomeWithMobileNo -->
  <testcase name="B_S09_TC03_EditDestinationBluHome" time="0.000" classname="bluAndroid.bluAndroid.TestScripts.CreateBookingTestRunner">
    <skipped/>
  </testcase> <!-- B_S09_TC03_EditDestinationBluHome -->
  <testcase name="B_S09_TC06_EditRemarks" time="0.000" classname="bluAndroid.bluAndroid.TestScripts.CreateBookingTestRunner">
    <skipped/>
  </testcase> <!-- B_S09_TC06_EditRemarks -->
</testsuite> <!-- bluAndroid.bluAndroid.TestScripts.CreateBookingTestRunner -->
