<?xml version="1.0" encoding="UTF-8"?>
<!-- Generated by org.testng.reporters.JUnitReportReporter -->
<testsuite skipped="2" hostname="BLU-LP-00004" name="bluAndroid.bluAndroid.TestScripts.BluLoginTestRunner" tests="12" failures="0" timestamp="2020-02-04T21:55:40 SGT" time="638.756" errors="0">
  <testcase name="tc08_validEmailPassword" time="65.364" classname="bluAndroid.bluAndroid.TestScripts.BluLoginTestRunner"/>
  <testcase name="tc01_validMobileValidPassword" time="66.220" classname="bluAndroid.bluAndroid.TestScripts.BluLoginTestRunner"/>
  <testcase name="tc07_notRegisteredEmail" time="66.689" classname="bluAndroid.bluAndroid.TestScripts.BluLoginTestRunner"/>
  <testcase name="tc04_withoutCredentials" time="52.218" classname="bluAndroid.bluAndroid.TestScripts.BluLoginTestRunner"/>
  <testcase name="tc03_invalidMobileNumberValidPassword" time="63.299" classname="bluAndroid.bluAndroid.TestScripts.BluLoginTestRunner"/>
  <testcase name="tc09_validEmailInvalidPassword" time="64.818" classname="bluAndroid.bluAndroid.TestScripts.BluLoginTestRunner"/>
  <testcase name="tc11_invalidMobileNumberInvalidPassword" time="62.826" classname="bluAndroid.bluAndroid.TestScripts.BluLoginTestRunner"/>
  <testcase name="tc02_invalidEmailValidPassword" time="64.603" classname="bluAndroid.bluAndroid.TestScripts.BluLoginTestRunner"/>
  <testcase name="tc06_notRegisteredMobileNumber" time="66.580" classname="bluAndroid.bluAndroid.TestScripts.BluLoginTestRunner"/>
  <testcase name="tc10_validMobileNumberInvalidPassword" time="66.139" classname="bluAndroid.bluAndroid.TestScripts.BluLoginTestRunner"/>
  <testcase name="splashScreen" classname="bluAndroid.bluAndroid.TestScripts.BluLoginTestRunner">
    <skipped/>
  </testcase> <!-- splashScreen -->
  <testcase name="tc05_maximumInvalidLoginAttemptError" classname="bluAndroid.bluAndroid.TestScripts.BluLoginTestRunner">
    <skipped/>
  </testcase> <!-- tc05_maximumInvalidLoginAttemptError -->
</testsuite> <!-- bluAndroid.bluAndroid.TestScripts.BluLoginTestRunner -->
