<?xml version="1.0" encoding="UTF-8"?>
<!-- Generated by org.testng.reporters.JUnitReportReporter -->
<testsuite skipped="0" hostname="BLU-LP-00004" name="bluAndroid.bluAndroid.TestScripts.BluSignUpTestRunner" tests="18" failures="0" timestamp="2020-01-13T14:19:45 SGT" time="1223.073" errors="0">
  <testcase name="tc04_signupWithoutDOBGenderAndRefferalCode" time="72.631" classname="bluAndroid.bluAndroid.TestScripts.BluSignUpTestRunner"/>
  <testcase name="tc09_signupInvalidFirstname" time="63.739" classname="bluAndroid.bluAndroid.TestScripts.BluSignUpTestRunner"/>
  <testcase name="tc12_signupWithoutEmail" time="54.940" classname="bluAndroid.bluAndroid.TestScripts.BluSignUpTestRunner"/>
  <testcase name="tc18_signupRegisteredMobile" time="60.831" classname="bluAndroid.bluAndroid.TestScripts.BluSignUpTestRunner"/>
  <testcase name="tc10_signupInvalidMobile" time="64.328" classname="bluAndroid.bluAndroid.TestScripts.BluSignUpTestRunner"/>
  <testcase name="tc14_signupWithoutConfirmingPass" time="53.622" classname="bluAndroid.bluAndroid.TestScripts.BluSignUpTestRunner"/>
  <testcase name="tc01_signup" time="99.448" classname="bluAndroid.bluAndroid.TestScripts.BluSignUpTestRunner"/>
  <testcase name="tc08_signupNonMatchingPassword" time="63.962" classname="bluAndroid.bluAndroid.TestScripts.BluSignUpTestRunner"/>
  <testcase name="tc16_signupWithoutMobileNumber" time="52.571" classname="bluAndroid.bluAndroid.TestScripts.BluSignUpTestRunner"/>
  <testcase name="tc02_signupWithoutReferralCode" time="94.677" classname="bluAndroid.bluAndroid.TestScripts.BluSignUpTestRunner"/>
  <testcase name="tc06_signupInvalidEmail" time="64.408" classname="bluAndroid.bluAndroid.TestScripts.BluSignUpTestRunner"/>
  <testcase name="tc13_signupWithoutPassword" time="60.391" classname="bluAndroid.bluAndroid.TestScripts.BluSignUpTestRunner"/>
  <testcase name="tc17_signupRegisteredEmail" time="66.996" classname="bluAndroid.bluAndroid.TestScripts.BluSignUpTestRunner"/>
  <testcase name="tc05_signupManDetails" time="60.908" classname="bluAndroid.bluAndroid.TestScripts.BluSignUpTestRunner"/>
  <testcase name="tc15_signupWithoutFirstName" time="59.409" classname="bluAndroid.bluAndroid.TestScripts.BluSignUpTestRunner"/>
  <testcase name="tc11_signupInvalidRefferalCode" time="71.287" classname="bluAndroid.bluAndroid.TestScripts.BluSignUpTestRunner"/>
  <testcase name="tc07_signupInvalidPassword" time="65.669" classname="bluAndroid.bluAndroid.TestScripts.BluSignUpTestRunner"/>
  <testcase name="tc03_signupWithoutGenderAndRefferalCode" time="93.256" classname="bluAndroid.bluAndroid.TestScripts.BluSignUpTestRunner"/>
</testsuite> <!-- bluAndroid.bluAndroid.TestScripts.BluSignUpTestRunner -->
