<?xml version="1.0" encoding="UTF-8"?>
<!-- Generated by org.testng.reporters.JUnitReportReporter -->
<testsuite skipped="0" hostname="BLU-LP-00004" name="bluAndroid.bluAndroid.TestScripts.BluLogoutTestRunner" tests="1" failures="0" timestamp="2020-01-16T11:25:45 SGT" time="65.951" errors="0">
  <testcase name="tc05_Invalidpassword" time="65.951" classname="bluAndroid.bluAndroid.TestScripts.BluLogoutTestRunner"/>
</testsuite> <!-- bluAndroid.bluAndroid.TestScripts.BluLogoutTestRunner -->
