<?xml version="1.0" encoding="UTF-8"?>
<!-- Generated by org.testng.reporters.JUnitReportReporter -->
<testsuite skipped="0" hostname="BLU-LP-00004" name="bluAndroid.bluAndroid.TestScripts.PublicProfileTestRunner" tests="7" failures="0" timestamp="2020-01-07T18:03:18 SGT" time="397.057" errors="0">
  <testcase name="tc07_unblockMember" time="56.572" classname="bluAndroid.bluAndroid.TestScripts.PublicProfileTestRunner"/>
  <testcase name="tc05_InvaldMobile" time="64.682" classname="bluAndroid.bluAndroid.TestScripts.PublicProfileTestRunner"/>
  <testcase name="tc03_viewFriendProfileByMobile" time="58.126" classname="bluAndroid.bluAndroid.TestScripts.PublicProfileTestRunner"/>
  <testcase name="tc04_InvaldBluId" time="53.691" classname="bluAndroid.bluAndroid.TestScripts.PublicProfileTestRunner"/>
  <testcase name="tc06_blockMember" time="57.304" classname="bluAndroid.bluAndroid.TestScripts.PublicProfileTestRunner"/>
  <testcase name="tc02_viewFriendProfileByBluID" time="55.239" classname="bluAndroid.bluAndroid.TestScripts.PublicProfileTestRunner"/>
  <testcase name="tc01_ViewPublicProfile" time="51.443" classname="bluAndroid.bluAndroid.TestScripts.PublicProfileTestRunner"/>
</testsuite> <!-- bluAndroid.bluAndroid.TestScripts.PublicProfileTestRunner -->
