<?xml version="1.0" encoding="UTF-8"?>
<!-- Generated by org.testng.reporters.JUnitReportReporter -->
<testsuite skipped="0" hostname="BLU-LP-00004" name="bluAndroid.bluAndroid.TestScripts.BluTestRunner" tests="1" failures="0" timestamp="2019-11-26T17:33:32 SGT" time="105.938" errors="0">
  <testcase name="tc05_maximumInvalidLoginAttemptError" time="105.938" classname="bluAndroid.bluAndroid.TestScripts.BluTestRunner"/>
</testsuite> <!-- bluAndroid.bluAndroid.TestScripts.BluTestRunner -->
