<?xml version="1.0" encoding="UTF-8"?>
<!-- Generated by org.testng.reporters.JUnitReportReporter -->
<testsuite skipped="0" hostname="BLU-LP-00004" name="bluAndroid.bluAndroid.TestScripts.RewardsTestRunner" tests="1" failures="0" timestamp="2020-01-31T09:54:16 SGT" time="56.635" errors="0">
  <testcase name="G_S06_TC09_promoCodeNotFound" time="56.635" classname="bluAndroid.bluAndroid.TestScripts.RewardsTestRunner"/>
</testsuite> <!-- bluAndroid.bluAndroid.TestScripts.RewardsTestRunner -->
