<?xml version="1.0" encoding="UTF-8"?>
<!-- Generated by org.testng.reporters.JUnitReportReporter -->
<testsuite skipped="0" hostname="BLU-LP-00004" name="bluAndroid.bluAndroid.TestScripts.WalletTestRunner" tests="1" failures="0" timestamp="2020-01-08T12:49:55 SGT" time="158.068" errors="0">
  <testcase name="tc03_transactionDetails" time="158.068" classname="bluAndroid.bluAndroid.TestScripts.WalletTestRunner"/>
</testsuite> <!-- bluAndroid.bluAndroid.TestScripts.WalletTestRunner -->
