<?xml version="1.0" encoding="UTF-8"?>
<!-- Generated by org.testng.reporters.JUnitReportReporter -->
<testsuite skipped="0" hostname="BLU-LP-00004" name="bluAndroid.bluAndroid.TestScripts.CreateBookingViaRequestTestRunner" tests="1" failures="0" timestamp="2020-01-22T13:16:04 SGT" time="210.199" errors="0">
  <testcase name="B_S15_TC01_MakeBookingViaRequest" time="210.199" classname="bluAndroid.bluAndroid.TestScripts.CreateBookingViaRequestTestRunner"/>
</testsuite> <!-- bluAndroid.bluAndroid.TestScripts.CreateBookingViaRequestTestRunner -->
