<?xml version="1.0" encoding="UTF-8"?>
<!-- Generated by org.testng.reporters.JUnitReportReporter -->
<testsuite skipped="0" hostname="BLU-LP-00004" name="bluAndroid.bluAndroid.TestScripts.CreateRequestTestRunner" tests="3" failures="0" timestamp="2020-01-30T23:16:55 SGT" time="262.794" errors="0">
  <testcase name="B_S13_TC02_CreateRequestViaBluPortWithMobileNo" time="100.527" classname="bluAndroid.bluAndroid.TestScripts.CreateRequestTestRunner"/>
  <testcase name="B_S13_TC01_CreateRequestViaBluPortWithBluId" time="83.567" classname="bluAndroid.bluAndroid.TestScripts.CreateRequestTestRunner"/>
  <testcase name="B_S14_TC01_cancelRequest" time="78.700" classname="bluAndroid.bluAndroid.TestScripts.CreateRequestTestRunner"/>
</testsuite> <!-- bluAndroid.bluAndroid.TestScripts.CreateRequestTestRunner -->
