<?xml version="1.0" encoding="UTF-8"?>
<!-- Generated by org.testng.reporters.JUnitReportReporter -->
<testsuite skipped="0" hostname="BLU-LP-00004" name="bluAndroid.bluAndroid.TestScripts.CreateBookingRequestTestRunner" tests="1" failures="0" timestamp="2020-01-14T18:00:32 SGT" time="224.100" errors="0">
  <testcase name="clickOnParcels" time="224.100" classname="bluAndroid.bluAndroid.TestScripts.CreateBookingRequestTestRunner"/>
</testsuite> <!-- bluAndroid.bluAndroid.TestScripts.CreateBookingRequestTestRunner -->
