<?xml version="1.0" encoding="UTF-8"?>
<!-- Generated by org.testng.reporters.JUnitReportReporter -->
<testsuite skipped="0" hostname="BLU-LP-00004" name="bluAndroid.bluAndroid.TestScripts.CreateBookingTestRunner" tests="1" failures="0" timestamp="2020-01-16T17:55:33 SGT" time="130.418" errors="0">
  <testcase name="B_S01_TC01_CreateBookingViaBluPortWithBluId" time="130.418" classname="bluAndroid.bluAndroid.TestScripts.CreateBookingTestRunner"/>
</testsuite> <!-- bluAndroid.bluAndroid.TestScripts.CreateBookingTestRunner -->
